Current configuration:
[NAME]			[DEFLT]		[VALUE]
-alpha			0.97		9.700000e-01
-argfile				
-blocksize		2048		2048
-build_outdirs		yes		yes
-c					C:/sphinx/other/etc/other_train.fileids
-cep2spec		no		no
-di					C:/sphinx/other/wav
-dither			no		no
-do					C:/sphinx/other/feat
-doublebw		no		no
-ei					wav
-eo					mfc
-example		no		no
-frate			100		100
-help			no		no
-i					
-input_endian		little		little
-lifter			0		22
-logspec		no		no
-lowerf			133.33334	1.300000e+02
-mach_endian		little		little
-mswav			no		yes
-ncep			13		13
-nchans			1		1
-nfft			512		512
-nfilt			40		25
-nist			no		no
-npart			0		1
-nskip			0		0
-o					
-ofmt			sphinx		sphinx
-part			0		1
-raw			no		no
-remove_dc		no		no
-remove_noise		yes		yes
-remove_silence		yes		yes
-round_filters		yes		yes
-runlen			-1		-1
-samprate		16000		1.600000e+04
-seed			-1		-1
-smoothspec		no		no
-spec2cep		no		no
-sph2pipe		no		no
-transform		legacy		dct
-unit_area		yes		yes
-upperf			6855.4976	6.800000e+03
-vad_postspeech		50		50
-vad_prespeech		20		20
-vad_startspeech	10		10
-vad_threshold		3.0		3.000000e+00
-verbose		no		no
-warp_params				
-warp_type		inverse_linear	inverse_linear
-whichchan		0		0
-wlen			0.025625	2.562500e-02

INFO: sphinx_fe.c(971): Processing all remaining utterances at position 0
INFO: sphinx_fe.c(791): Converting C:/sphinx/other/wav/Male1/arba.wav to C:/sphinx/other/feat/Male1/arba.mfc
INFO: sphinx_fe.c(791): Converting C:/sphinx/other/wav/Male1/arigato.wav to C:/sphinx/other/feat/Male1/arigato.mfc
INFO: sphinx_fe.c(791): Converting C:/sphinx/other/wav/Male1/drei.wav to C:/sphinx/other/feat/Male1/drei.mfc
INFO: sphinx_fe.c(791): Converting C:/sphinx/other/wav/Male1/dui.wav to C:/sphinx/other/feat/Male1/dui.mfc
INFO: sphinx_fe.c(791): Converting C:/sphinx/other/wav/Male1/one.wav to C:/sphinx/other/feat/Male1/one.mfc
INFO: sphinx_fe.c(791): Converting C:/sphinx/other/wav/Male1/vijf.wav to C:/sphinx/other/feat/Male1/vijf.mfc
Sat Mar  3 04:31:43 2018
